TN:
SF:src/app.controller.ts
FN:6,(anonymous_2)
FN:9,(anonymous_3)
FNF:2
FNH:2
FNDA:1,(anonymous_2)
FNDA:1,(anonymous_3)
DA:1,1
DA:2,1
DA:5,1
DA:6,1
DA:8,1
DA:10,1
LF:6
LH:6
BRF:0
BRH:0
end_of_record
TN:
SF:src/app.module.ts
FNF:0
FNH:0
DA:1,0
DA:2,0
DA:3,0
DA:4,0
DA:5,0
DA:6,0
DA:7,0
DA:8,0
DA:10,0
DA:11,0
DA:12,0
DA:13,0
DA:14,0
DA:50,0
LF:14
LH:0
BRDA:32,0,0,0
BRDA:32,0,1,0
BRDA:33,1,0,0
BRDA:33,1,1,0
BRDA:34,2,0,0
BRDA:34,2,1,0
BRF:6
BRH:0
end_of_record
TN:
SF:src/app.service.ts
FN:5,(anonymous_1)
FNF:1
FNH:1
FNDA:1,(anonymous_1)
DA:1,1
DA:4,1
DA:6,1
LF:3
LH:3
BRF:0
BRH:0
end_of_record
TN:
SF:src/main.ts
FN:7,bootstrap
FNF:1
FNH:0
FNDA:0,bootstrap
DA:1,0
DA:2,0
DA:3,0
DA:4,0
DA:8,0
DA:11,0
DA:18,0
DA:19,0
DA:20,0
DA:21,0
DA:23,0
LF:11
LH:0
BRF:0
BRH:0
end_of_record
TN:
SF:src/auth/auth.controller.ts
FN:16,(anonymous_4)
FN:20,(anonymous_5)
FN:26,(anonymous_6)
FNF:3
FNH:0
FNDA:0,(anonymous_4)
FNDA:0,(anonymous_5)
FNDA:0,(anonymous_6)
DA:1,1
DA:11,1
DA:12,1
DA:15,1
DA:16,0
DA:18,1
DA:21,0
DA:24,1
DA:27,0
DA:30,1
LF:10
LH:7
BRF:0
BRH:0
end_of_record
TN:
SF:src/auth/auth.guard.ts
FN:13,(anonymous_2)
FN:15,(anonymous_3)
FN:34,(anonymous_4)
FNF:3
FNH:1
FNDA:3,(anonymous_2)
FNDA:0,(anonymous_3)
FNDA:0,(anonymous_4)
DA:1,3
DA:7,3
DA:8,3
DA:12,3
DA:13,3
DA:16,0
DA:17,0
DA:18,0
DA:19,0
DA:21,0
DA:22,0
DA:27,0
DA:29,0
DA:31,0
DA:35,0
DA:36,0
LF:16
LH:5
BRDA:18,0,0,0
BRDA:35,1,0,0
BRDA:35,1,1,0
BRDA:35,2,0,0
BRDA:35,2,1,0
BRDA:35,3,0,0
BRDA:35,3,1,0
BRDA:35,4,0,0
BRDA:35,4,1,0
BRDA:36,5,0,0
BRDA:36,5,1,0
BRF:11
BRH:0
end_of_record
TN:
SF:src/auth/auth.module.ts
FNF:0
FNH:0
DA:1,0
DA:2,0
DA:3,0
DA:4,0
DA:5,0
DA:6,0
DA:7,0
DA:8,0
DA:9,0
DA:24,0
LF:10
LH:0
BRF:0
BRH:0
end_of_record
TN:
SF:src/auth/auth.service.ts
FN:7,(anonymous_2)
FN:12,(anonymous_3)
FNF:2
FNH:0
FNDA:0,(anonymous_2)
FNDA:0,(anonymous_3)
DA:1,2
DA:2,2
DA:3,2
DA:6,2
DA:8,0
DA:9,0
DA:13,0
DA:14,0
DA:15,0
DA:17,0
DA:18,0
DA:23,2
LF:12
LH:5
BRDA:14,0,0,0
BRDA:14,1,0,0
BRDA:14,1,1,0
BRDA:14,2,0,0
BRDA:14,2,1,0
BRF:5
BRH:0
end_of_record
TN:
SF:src/auth/constants.ts
FNF:0
FNH:0
DA:1,3
LF:1
LH:1
BRF:0
BRH:0
end_of_record
TN:
SF:src/comment/comment.controller.ts
FN:9,(anonymous_4)
FN:13,(anonymous_5)
FN:19,(anonymous_6)
FN:24,(anonymous_7)
FN:30,(anonymous_8)
FN:36,(anonymous_9)
FNF:6
FNH:2
FNDA:2,(anonymous_4)
FNDA:0,(anonymous_5)
FNDA:1,(anonymous_6)
FNDA:0,(anonymous_7)
FNDA:0,(anonymous_8)
FNDA:0,(anonymous_9)
DA:1,1
DA:2,1
DA:3,1
DA:4,1
DA:5,1
DA:8,1
DA:9,2
DA:11,1
DA:14,0
DA:17,1
DA:20,1
DA:23,1
DA:25,0
DA:28,1
DA:31,0
DA:34,1
DA:37,0
LF:17
LH:13
BRF:0
BRH:0
end_of_record
TN:
SF:src/comment/comment.module.ts
FNF:0
FNH:0
DA:1,0
DA:2,0
DA:3,0
DA:9,0
LF:4
LH:0
BRF:0
BRH:0
end_of_record
TN:
SF:src/comment/comment.service.ts
FN:10,(anonymous_4)
FN:13,(anonymous_5)
FN:17,(anonymous_6)
FN:21,(anonymous_7)
FN:25,(anonymous_8)
FN:29,(anonymous_9)
FNF:6
FNH:5
FNDA:8,(anonymous_4)
FNDA:2,(anonymous_5)
FNDA:1,(anonymous_6)
FNDA:1,(anonymous_7)
FNDA:0,(anonymous_8)
FNDA:1,(anonymous_9)
DA:1,2
DA:4,2
DA:5,2
DA:6,2
DA:9,2
DA:11,8
DA:14,2
DA:18,1
DA:22,1
DA:26,0
DA:30,1
LF:11
LH:10
BRF:0
BRH:0
end_of_record
TN:
SF:src/comment/dto/create-comment.dto.ts
FNF:0
FNH:0
DA:1,1
DA:3,1
DA:4,1
DA:7,1
DA:10,1
LF:5
LH:5
BRF:0
BRH:0
end_of_record
TN:
SF:src/comment/dto/update-comment.dto.ts
FNF:0
FNH:0
DA:2,1
DA:3,1
DA:5,1
DA:6,1
LF:4
LH:4
BRF:0
BRH:0
end_of_record
TN:
SF:src/comment/entities/comment.entity.ts
FN:18,(anonymous_2)
FN:18,(anonymous_3)
FNF:2
FNH:0
FNDA:0,(anonymous_2)
FNDA:0,(anonymous_3)
DA:1,7
DA:2,7
DA:5,7
DA:6,7
DA:9,7
DA:12,7
DA:15,7
DA:18,7
LF:8
LH:8
BRF:0
BRH:0
end_of_record
TN:
SF:src/post/post.controller.ts
FN:9,(anonymous_4)
FN:13,(anonymous_5)
FN:18,(anonymous_6)
FN:23,(anonymous_7)
FN:29,(anonymous_8)
FN:35,(anonymous_9)
FNF:6
FNH:0
FNDA:0,(anonymous_4)
FNDA:0,(anonymous_5)
FNDA:0,(anonymous_6)
FNDA:0,(anonymous_7)
FNDA:0,(anonymous_8)
FNDA:0,(anonymous_9)
DA:1,0
DA:2,0
DA:3,0
DA:4,0
DA:5,0
DA:8,0
DA:9,0
DA:11,0
DA:14,0
DA:17,0
DA:19,0
DA:22,0
DA:24,0
DA:27,0
DA:30,0
DA:33,0
DA:36,0
LF:17
LH:0
BRF:0
BRH:0
end_of_record
TN:
SF:src/post/post.module.ts
FN:14,(anonymous_2)
FNF:1
FNH:0
FNDA:0,(anonymous_2)
DA:1,0
DA:2,0
DA:3,0
DA:4,0
DA:5,0
DA:6,0
DA:7,0
DA:14,0
LF:8
LH:0
BRF:0
BRH:0
end_of_record
TN:
SF:src/post/post.service.ts
FN:12,(anonymous_4)
FN:16,(anonymous_5)
FN:20,(anonymous_6)
FN:24,(anonymous_7)
FN:28,(anonymous_8)
FN:32,(anonymous_9)
FNF:6
FNH:3
FNDA:3,(anonymous_4)
FNDA:1,(anonymous_5)
FNDA:1,(anonymous_6)
FNDA:0,(anonymous_7)
FNDA:0,(anonymous_8)
FNDA:0,(anonymous_9)
DA:1,1
DA:4,1
DA:5,1
DA:6,1
DA:11,1
DA:13,3
DA:17,1
DA:21,1
DA:25,0
DA:29,0
DA:33,0
LF:11
LH:8
BRF:0
BRH:0
end_of_record
TN:
SF:src/post/dto/create-post.dto.ts
FNF:0
FNH:0
DA:1,0
DA:3,0
DA:4,0
DA:8,0
DA:12,0
LF:5
LH:0
BRF:0
BRH:0
end_of_record
TN:
SF:src/post/dto/update-post.dto.ts
FNF:0
FNH:0
DA:1,0
DA:2,0
DA:3,0
DA:5,0
DA:6,0
LF:5
LH:0
BRF:0
BRH:0
end_of_record
TN:
SF:src/post/entities/post.entity.ts
FN:20,(anonymous_2)
FN:23,(anonymous_3)
FN:23,(anonymous_4)
FNF:3
FNH:0
FNDA:0,(anonymous_2)
FNDA:0,(anonymous_3)
FNDA:0,(anonymous_4)
DA:1,7
DA:2,7
DA:3,7
DA:6,7
DA:7,7
DA:10,7
DA:13,7
DA:17,7
DA:20,7
DA:23,7
LF:10
LH:10
BRF:0
BRH:0
end_of_record
TN:
SF:src/user/user.controller.ts
FN:19,(anonymous_4)
FN:22,(anonymous_5)
FN:28,(anonymous_6)
FN:34,(anonymous_7)
FN:40,(anonymous_8)
FN:46,(anonymous_9)
FN:52,(anonymous_10)
FNF:7
FNH:2
FNDA:1,(anonymous_4)
FNDA:0,(anonymous_5)
FNDA:1,(anonymous_6)
FNDA:0,(anonymous_7)
FNDA:0,(anonymous_8)
FNDA:0,(anonymous_9)
FNDA:0,(anonymous_10)
DA:1,1
DA:11,1
DA:12,1
DA:13,1
DA:14,1
DA:18,1
DA:19,1
DA:21,1
DA:23,0
DA:26,1
DA:29,1
DA:34,1
DA:35,0
DA:38,1
DA:41,0
DA:44,1
DA:47,0
DA:50,1
DA:53,0
LF:19
LH:14
BRF:0
BRH:0
end_of_record
TN:
SF:src/user/user.module.ts
FNF:0
FNH:0
DA:1,0
DA:2,0
DA:3,0
DA:4,0
DA:5,0
DA:12,0
LF:6
LH:0
BRF:0
BRH:0
end_of_record
TN:
SF:src/user/user.service.ts
FN:10,(anonymous_4)
FN:14,(anonymous_5)
FN:18,(anonymous_6)
FN:22,(anonymous_7)
FN:36,(anonymous_8)
FN:40,(anonymous_9)
FN:44,(anonymous_10)
FN:48,(anonymous_11)
FN:50,(anonymous_12)
FNF:9
FNH:2
FNDA:3,(anonymous_4)
FNDA:0,(anonymous_5)
FNDA:1,(anonymous_6)
FNDA:0,(anonymous_7)
FNDA:0,(anonymous_8)
FNDA:0,(anonymous_9)
FNDA:0,(anonymous_10)
FNDA:0,(anonymous_11)
FNDA:0,(anonymous_12)
DA:1,4
DA:2,4
DA:3,4
DA:6,4
DA:9,4
DA:11,3
DA:15,0
DA:19,1
DA:23,0
DA:37,0
DA:41,0
DA:45,0
DA:49,0
DA:50,0
LF:14
LH:7
BRF:0
BRH:0
end_of_record
TN:
SF:src/user/dto/create-user.dto.ts
FNF:0
FNH:0
DA:1,1
DA:13,1
DA:15,1
DA:16,1
DA:21,1
DA:28,1
DA:32,1
DA:35,1
DA:39,1
LF:9
LH:9
BRF:0
BRH:0
end_of_record
TN:
SF:src/user/dto/update-user.dto.ts
FNF:0
FNH:0
DA:1,1
DA:2,1
DA:3,1
DA:6,1
DA:7,1
LF:5
LH:5
BRF:0
BRH:0
end_of_record
TN:
SF:src/user/entities/user.entity.ts
FN:32,(anonymous_2)
FN:32,(anonymous_3)
FNF:2
FNH:0
FNDA:0,(anonymous_2)
FNDA:0,(anonymous_3)
DA:1,7
DA:2,7
DA:5,7
DA:6,7
DA:9,7
DA:12,7
DA:15,7
DA:18,7
DA:21,7
DA:24,7
DA:32,7
LF:11
LH:11
BRF:0
BRH:0
end_of_record
